2022-01-24 00:32:08,621 INFO org.springframework.boot.StartupInfoLogger [main] Starting ClienteswsApplication using Java 17.0.1 on Pc-de-Manu with PID 28328 (H:\DAM\Acceso_a_Datos\Tema 7 Api\clientesws_ManuPortoles\target\classes started by a8877 in H:\DAM\Acceso_a_Datos\Tema 7 Api\clientesws_ManuPortoles)
2022-01-24 00:32:08,624 INFO org.springframework.boot.SpringApplication [main] No active profile set, falling back to default profiles: default
2022-01-24 00:32:09,008 INFO org.springframework.data.repository.config.RepositoryConfigurationDelegate [main] Bootstrapping Spring Data JPA repositories in DEFAULT mode.
2022-01-24 00:32:09,041 INFO org.springframework.data.repository.config.RepositoryConfigurationDelegate [main] Finished Spring Data repository scanning in 28 ms. Found 1 JPA repository interfaces.
2022-01-24 00:32:09,451 INFO org.springframework.boot.web.embedded.tomcat.TomcatWebServer [main] Tomcat initialized with port(s): 8081 (http)
2022-01-24 00:32:09,460 INFO org.apache.juli.logging.DirectJDKLog [main] Initializing ProtocolHandler ["http-nio-8081"]
2022-01-24 00:32:09,461 INFO org.apache.juli.logging.DirectJDKLog [main] Starting service [Tomcat]
2022-01-24 00:32:09,461 INFO org.apache.juli.logging.DirectJDKLog [main] Starting Servlet engine: [Apache Tomcat/9.0.43]
2022-01-24 00:32:09,548 INFO org.apache.juli.logging.DirectJDKLog [main] Initializing Spring embedded WebApplicationContext
2022-01-24 00:32:09,548 INFO org.springframework.boot.web.servlet.context.ServletWebServerApplicationContext [main] Root WebApplicationContext: initialization completed in 893 ms
2022-01-24 00:32:09,665 INFO org.hibernate.jpa.internal.util.LogHelper [main] HHH000204: Processing PersistenceUnitInfo [name: default]
2022-01-24 00:32:09,700 INFO org.hibernate.Version [main] HHH000412: Hibernate ORM core version 5.4.28.Final
2022-01-24 00:32:09,792 INFO org.hibernate.annotations.common.reflection.java.JavaReflectionManager [main] HCANN000001: Hibernate Commons Annotations {5.1.2.Final}
2022-01-24 00:32:09,861 INFO com.zaxxer.hikari.HikariDataSource [main] HikariPool-1 - Starting...
2022-01-24 00:32:09,968 INFO com.zaxxer.hikari.HikariDataSource [main] HikariPool-1 - Start completed.
2022-01-24 00:32:09,990 INFO org.hibernate.dialect.Dialect [main] HHH000400: Using dialect: org.hibernate.dialect.MySQL55Dialect
2022-01-24 00:32:10,367 INFO org.hibernate.engine.transaction.jta.platform.internal.JtaPlatformInitiator [main] HHH000490: Using JtaPlatform implementation: [org.hibernate.engine.transaction.jta.platform.internal.NoJtaPlatform]
2022-01-24 00:32:10,373 INFO org.springframework.orm.jpa.AbstractEntityManagerFactoryBean [main] Initialized JPA EntityManagerFactory for persistence unit 'default'
2022-01-24 00:32:10,573 WARN org.springframework.boot.autoconfigure.orm.jpa.JpaBaseConfiguration$JpaWebConfiguration [main] spring.jpa.open-in-view is enabled by default. Therefore, database queries may be performed during view rendering. Explicitly configure spring.jpa.open-in-view to disable this warning
2022-01-24 00:32:10,639 INFO org.springframework.scheduling.concurrent.ExecutorConfigurationSupport [main] Initializing ExecutorService 'applicationTaskExecutor'
2022-01-24 00:32:10,736 WARN org.springframework.boot.autoconfigure.thymeleaf.ThymeleafAutoConfiguration$DefaultTemplateResolverConfiguration [main] Cannot find template location: classpath:/templates/ (please add some templates or check your Thymeleaf configuration)
2022-01-24 00:32:10,778 INFO org.apache.juli.logging.DirectJDKLog [main] Starting ProtocolHandler ["http-nio-8081"]
2022-01-24 00:32:10,794 INFO org.springframework.boot.web.embedded.tomcat.TomcatWebServer [main] Tomcat started on port(s): 8081 (http) with context path ''
2022-01-24 00:32:10,799 INFO org.springframework.boot.StartupInfoLogger [main] Started ClienteswsApplication in 2.487 seconds (JVM running for 2.738)
2022-01-24 00:32:45,493 INFO org.apache.juli.logging.DirectJDKLog [http-nio-8081-exec-2] Initializing Spring DispatcherServlet 'dispatcherServlet'
2022-01-24 00:32:45,493 INFO org.springframework.web.servlet.FrameworkServlet [http-nio-8081-exec-2] Initializing Servlet 'dispatcherServlet'
2022-01-24 00:32:45,494 INFO org.springframework.web.servlet.FrameworkServlet [http-nio-8081-exec-2] Completed initialization in 0 ms
2022-01-24 00:32:45,513 INFO com.manu.Clientes.controller.ClienteController [http-nio-8081-exec-2] inicio getClientes
2022-01-24 00:32:45,594 INFO com.manu.Clientes.controller.ClienteController [http-nio-8081-exec-2] fin getClientes
2022-01-24 00:32:48,686 WARN org.springframework.web.servlet.handler.AbstractHandlerExceptionResolver [http-nio-8081-exec-3] Resolved [org.springframework.http.converter.HttpMessageNotReadableException: Required request body is missing: public org.springframework.http.ResponseEntity<com.manu.Clientes.domain.Cliente> com.manu.Clientes.controller.ClienteController.addCliente(com.manu.Clientes.domain.Cliente)]
